<?xml version="1.0" encoding="UTF-8"?>
<!-- Generated by org.testng.reporters.JUnitReportReporter -->
<testsuite hostname="ChathurangajPC" name="com.synapsys.lmt.test.TestLMTRoleAuthorize" tests="1" failures="0" timestamp="2 Feb 2016 07:25:39 GMT" time="8.779" errors="0">
  <testcase name="test_Role_Authorize" time="8.779" classname="com.synapsys.lmt.test.TestLMTRoleAuthorize"/>
</testsuite> <!-- com.synapsys.lmt.test.TestLMTRoleAuthorize -->
