<?xml version="1.0" encoding="UTF-8"?>
<!-- Generated by org.testng.reporters.JUnitReportReporter -->
<testsuite hostname="ChathurangajPC" name="com.synapsys.lmt.test.TestLMTRolePermissionAuthorize" tests="1" failures="0" timestamp="2 Feb 2016 07:42:25 GMT" time="18.658" errors="0">
  <testcase name="test_RolePermissionAuthorize" time="18.658" classname="com.synapsys.lmt.test.TestLMTRolePermissionAuthorize"/>
</testsuite> <!-- com.synapsys.lmt.test.TestLMTRolePermissionAuthorize -->
