<?xml version="1.0" encoding="UTF-8"?>
<!-- Generated by org.testng.reporters.JUnitReportReporter -->
<testsuite hostname="Kushan-PC" name="Sysnapsys.Lmt.test.TestMFLoginPage" tests="1" failures="0" timestamp="2 Dec 2015 12:21:43 GMT" time="1.708" errors="0">
  <testcase name="testLoginToMFWithValidCredentials" time="1.708" classname="Sysnapsys.Lmt.test.TestMFLoginPage"/>
</testsuite> <!-- Sysnapsys.Lmt.test.TestMFLoginPage -->
