<?xml version="1.0" encoding="UTF-8"?>
<!-- Generated by org.testng.reporters.JUnitReportReporter -->
<testsuite hostname="ChathurangajPC" name="com.synapsys.lmt.test.TestLMTRoleInactive" tests="1" failures="0" timestamp="2 Feb 2016 07:25:39 GMT" time="9.115" errors="0">
  <testcase name="test_Role_Inactive_Details" time="9.115" classname="com.synapsys.lmt.test.TestLMTRoleInactive"/>
</testsuite> <!-- com.synapsys.lmt.test.TestLMTRoleInactive -->
