<?xml version="1.0" encoding="UTF-8"?>
<!-- Generated by org.testng.reporters.JUnitReportReporter -->
<testsuite hostname="ChathurangajPC" name="com.synapsys.lmt.test.TestLmtRollCreationPage" tests="3" failures="0" timestamp="2 Feb 2016 07:25:39 GMT" time="35.624" errors="0">
  <testcase name="Role_creation_sucess" time="2.051" classname="com.synapsys.lmt.test.TestLmtRollCreationPage"/>
  <testcase name="Is_Role_Creates_With_Special_Characters" time="3.507" classname="com.synapsys.lmt.test.TestLmtRollCreationPage"/>
  <testcase name="Role_Creation_Duplicate" time="30.066" classname="com.synapsys.lmt.test.TestLmtRollCreationPage"/>
</testsuite> <!-- com.synapsys.lmt.test.TestLmtRollCreationPage -->
