<?xml version="1.0" encoding="UTF-8"?>
<!-- Generated by org.testng.reporters.JUnitReportReporter -->
<testsuite hostname="ChathurangajPC" name="com.synapsys.lmt.test.TestLMTExchangeCompanyAdd" tests="1" failures="0" timestamp="10 Feb 2016 05:35:41 GMT" time="21.415" errors="0">
  <testcase name="testExchangeCompanyCreate" time="21.415" classname="com.synapsys.lmt.test.TestLMTExchangeCompanyAdd"/>
</testsuite> <!-- com.synapsys.lmt.test.TestLMTExchangeCompanyAdd -->
