<?xml version="1.0" encoding="UTF-8"?>
<!-- Generated by org.testng.reporters.JUnitReportReporter -->
<testsuite hostname="ChathurangajPC" name="com.synapsys.lmt.test.TestLMTRolePermissionSet" tests="1" failures="0" timestamp="2 Feb 2016 07:42:26 GMT" time="15.052" errors="0">
  <testcase name="testPermissionSet" time="15.052" classname="com.synapsys.lmt.test.TestLMTRolePermissionSet"/>
</testsuite> <!-- com.synapsys.lmt.test.TestLMTRolePermissionSet -->
