<?xml version="1.0" encoding="UTF-8"?>
<!-- Generated by org.testng.reporters.JUnitReportReporter -->
<testsuite hostname="ChathurangajPC" name="com.synapsys.lmt.test.TestLmtLogout" tests="1" failures="0" timestamp="20 Jan 2016 07:07:44 GMT" time="1.014" errors="0">
  <testcase name="testLogout_User" time="1.014" classname="com.synapsys.lmt.test.TestLmtLogout"/>
</testsuite> <!-- com.synapsys.lmt.test.TestLmtLogout -->
