<?xml version="1.0" encoding="UTF-8"?>
<!-- Generated by org.testng.reporters.JUnitReportReporter -->
<testsuite hostname="Kushan-PC" name="com.synapsys.test.NewTest" tests="1" failures="0" timestamp="1 Dec 2015 07:03:54 GMT" time="0.022" errors="0">
  <testcase name="getLmt" time="0.022" classname="com.synapsys.test.NewTest"/>
</testsuite> <!-- com.synapsys.test.NewTest -->
