<?xml version="1.0" encoding="UTF-8"?>
<!-- Generated by org.testng.reporters.JUnitReportReporter -->
<testsuite hostname="ChathurangajPC" name="com.synapsys.lmt.test.TestLMTLoginPage" tests="1" failures="0" timestamp="24 Feb 2016 04:27:12 GMT" time="4.169" errors="0">
  <testcase name="testLogin_With_Valid_Credentials" time="4.169" classname="com.synapsys.lmt.test.TestLMTLoginPage"/>
</testsuite> <!-- com.synapsys.lmt.test.TestLMTLoginPage -->
