<?xml version="1.0" encoding="UTF-8"?>
<!-- Generated by org.testng.reporters.JUnitReportReporter -->
<testsuite hostname="ChathurangajPC" name="com.synapsys.lmt.test.TestLMTUserViewGrid" tests="1" failures="0" timestamp="2 Feb 2016 07:25:39 GMT" time="1.314" errors="0">
  <testcase name="test_User_View_Grid_Details" time="1.314" classname="com.synapsys.lmt.test.TestLMTUserViewGrid"/>
</testsuite> <!-- com.synapsys.lmt.test.TestLMTUserViewGrid -->
