<?xml version="1.0" encoding="UTF-8"?>
<!-- Generated by org.testng.reporters.JUnitReportReporter -->
<testsuite hostname="ChathurangajPC" name="com.synapsys.lmt.test.TestLMTRoleInactiveAuthorize" tests="1" failures="0" timestamp="2 Feb 2016 07:25:39 GMT" time="8.835" errors="0">
  <testcase name="test_Role_Authorize" time="8.835" classname="com.synapsys.lmt.test.TestLMTRoleInactiveAuthorize"/>
</testsuite> <!-- com.synapsys.lmt.test.TestLMTRoleInactiveAuthorize -->
