<?xml version="1.0" encoding="UTF-8"?>
<!-- Generated by org.testng.reporters.JUnitReportReporter -->
<testsuite hostname="ChathurangajPC" name="com.synapsys.lmt.test.TestLMTUserViewAfterGrid" tests="1" failures="0" timestamp="2 Feb 2016 07:25:39 GMT" time="2.535" errors="0">
  <testcase name="test_User_Details_After_Grid" time="2.535" classname="com.synapsys.lmt.test.TestLMTUserViewAfterGrid"/>
</testsuite> <!-- com.synapsys.lmt.test.TestLMTUserViewAfterGrid -->
