<?xml version="1.0" encoding="UTF-8"?>
<!-- Generated by org.testng.reporters.JUnitReportReporter -->
<testsuite hostname="ChathurangajPC" name="com.synapsys.lmt.test.TestLMTChatRoom" tests="1" failures="0" timestamp="24 Feb 2016 04:27:12 GMT" time="27.993" errors="0">
  <testcase name="testChatRoom" time="27.993" classname="com.synapsys.lmt.test.TestLMTChatRoom"/>
</testsuite> <!-- com.synapsys.lmt.test.TestLMTChatRoom -->
