<?xml version="1.0" encoding="UTF-8"?>
<!-- Generated by org.testng.reporters.JUnitReportReporter -->
<testsuite hostname="ChathurangajPC" name="com.synapsys.lmt.test.TestLMTExchangeCompanyView" tests="1" failures="0" timestamp="3 Feb 2016 07:16:07 GMT" time="6.448" errors="0">
  <testcase name="testExchangeComapnyView" time="6.448" classname="com.synapsys.lmt.test.TestLMTExchangeCompanyView"/>
</testsuite> <!-- com.synapsys.lmt.test.TestLMTExchangeCompanyView -->
